2023-06-23 18:24:07,187 INFO [main] com.example.gradebackend.GradeBackendApplication : Starting GradeBackendApplication using Java 17.0.2 with PID 9148 (C:\JOB\Grade-Backend\build\classes\java\main started by nick3 in C:\JOB\Grade-Backend)
2023-06-23 18:24:07,189 INFO [main] com.example.gradebackend.GradeBackendApplication : No active profile set, falling back to 1 default profile: "default"
2023-06-23 18:24:07,727 INFO [main] org.springframework.data.repository.config.RepositoryConfigurationDelegate : Bootstrapping Spring Data JPA repositories in DEFAULT mode.
2023-06-23 18:24:07,786 INFO [main] org.springframework.data.repository.config.RepositoryConfigurationDelegate : Finished Spring Data repository scanning in 51 ms. Found 7 JPA repository interfaces.
2023-06-23 18:24:08,162 INFO [main] org.springframework.boot.web.embedded.tomcat.TomcatWebServer : Tomcat initialized with port(s): 8081 (http)
2023-06-23 18:24:08,167 INFO [main] org.apache.catalina.core.StandardService : Starting service [Tomcat]
2023-06-23 18:24:08,168 INFO [main] org.apache.catalina.core.StandardEngine : Starting Servlet engine: [Apache Tomcat/10.1.8]
2023-06-23 18:24:08,228 INFO [main] org.apache.catalina.core.ContainerBase.[Tomcat].[localhost].[/] : Initializing Spring embedded WebApplicationContext
2023-06-23 18:24:08,229 INFO [main] org.springframework.boot.web.servlet.context.ServletWebServerApplicationContext : Root WebApplicationContext: initialization completed in 1004 ms
2023-06-23 18:24:08,359 INFO [main] org.hibernate.jpa.internal.util.LogHelper : HHH000204: Processing PersistenceUnitInfo [name: default]
2023-06-23 18:24:08,392 INFO [main] org.hibernate.Version : HHH000412: Hibernate ORM core version 6.1.7.Final
2023-06-23 18:24:08,596 INFO [main] com.zaxxer.hikari.HikariDataSource : HikariPool-1 - Starting...
2023-06-23 18:24:08,824 INFO [main] com.zaxxer.hikari.pool.HikariPool : HikariPool-1 - Added connection com.mysql.cj.jdbc.ConnectionImpl@71ad959b
2023-06-23 18:24:08,825 INFO [main] com.zaxxer.hikari.HikariDataSource : HikariPool-1 - Start completed.
2023-06-23 18:24:08,855 INFO [main] SQL dialect : HHH000400: Using dialect: org.hibernate.dialect.MySQLDialect
2023-06-23 18:24:09,483 INFO [main] org.hibernate.engine.transaction.jta.platform.internal.JtaPlatformInitiator : HHH000490: Using JtaPlatform implementation: [org.hibernate.engine.transaction.jta.platform.internal.NoJtaPlatform]
2023-06-23 18:24:09,489 INFO [main] org.springframework.orm.jpa.LocalContainerEntityManagerFactoryBean : Initialized JPA EntityManagerFactory for persistence unit 'default'
2023-06-23 18:24:10,188 WARN [main] org.springframework.boot.autoconfigure.orm.jpa.JpaBaseConfiguration$JpaWebConfiguration : spring.jpa.open-in-view is enabled by default. Therefore, database queries may be performed during view rendering. Explicitly configure spring.jpa.open-in-view to disable this warning
2023-06-23 18:24:10,463 INFO [main] org.springframework.security.web.DefaultSecurityFilterChain : Will secure any request with [org.springframework.security.web.session.DisableEncodeUrlFilter@75f316df, org.springframework.security.web.context.request.async.WebAsyncManagerIntegrationFilter@2d4aadc, org.springframework.security.web.context.SecurityContextHolderFilter@3431cb1f, org.springframework.security.web.header.HeaderWriterFilter@7a4199e5, org.springframework.web.filter.CorsFilter@773ad729, org.springframework.security.web.authentication.logout.LogoutFilter@16df0ebd, org.springframework.security.oauth2.server.resource.web.authentication.BearerTokenAuthenticationFilter@6557dcea, org.springframework.security.web.savedrequest.RequestCacheAwareFilter@797c67c, org.springframework.security.web.servletapi.SecurityContextHolderAwareRequestFilter@31ce271c, org.springframework.security.web.authentication.AnonymousAuthenticationFilter@20e8286a, org.springframework.security.web.access.ExceptionTranslationFilter@73ba3c4b, org.springframework.security.web.access.intercept.AuthorizationFilter@4101e146]
2023-06-23 18:24:10,679 INFO [main] org.springframework.boot.web.embedded.tomcat.TomcatWebServer : Tomcat started on port(s): 8081 (http) with context path ''
2023-06-23 18:24:10,688 INFO [main] com.example.gradebackend.GradeBackendApplication : Started GradeBackendApplication in 3.863 seconds (process running for 4.325)
2023-06-23 18:33:49,995 INFO [http-nio-8081-exec-1] org.apache.catalina.core.ContainerBase.[Tomcat].[localhost].[/] : Initializing Spring DispatcherServlet 'dispatcherServlet'
2023-06-23 18:33:49,995 INFO [http-nio-8081-exec-1] org.springframework.web.servlet.DispatcherServlet : Initializing Servlet 'dispatcherServlet'
2023-06-23 18:33:49,997 INFO [http-nio-8081-exec-1] org.springframework.web.servlet.DispatcherServlet : Completed initialization in 2 ms
2023-06-23 18:34:02,289 WARN [http-nio-8081-exec-10] org.springframework.web.servlet.mvc.support.DefaultHandlerExceptionResolver : Resolved [org.springframework.web.HttpRequestMethodNotSupportedException: Request method 'POST' is not supported]
2023-06-23 18:35:36,228 INFO [SpringApplicationShutdownHook] org.springframework.orm.jpa.LocalContainerEntityManagerFactoryBean : Closing JPA EntityManagerFactory for persistence unit 'default'
2023-06-23 18:35:36,230 INFO [SpringApplicationShutdownHook] com.zaxxer.hikari.HikariDataSource : HikariPool-1 - Shutdown initiated...
2023-06-23 18:35:36,236 INFO [SpringApplicationShutdownHook] com.zaxxer.hikari.HikariDataSource : HikariPool-1 - Shutdown completed.
2023-06-23 18:35:39,571 INFO [main] com.example.gradebackend.GradeBackendApplication : Starting GradeBackendApplication using Java 17.0.2 with PID 18684 (C:\JOB\Grade-Backend\build\classes\java\main started by nick3 in C:\JOB\Grade-Backend)
2023-06-23 18:35:39,572 INFO [main] com.example.gradebackend.GradeBackendApplication : No active profile set, falling back to 1 default profile: "default"
2023-06-23 18:35:40,165 INFO [main] org.springframework.data.repository.config.RepositoryConfigurationDelegate : Bootstrapping Spring Data JPA repositories in DEFAULT mode.
2023-06-23 18:35:40,234 INFO [main] org.springframework.data.repository.config.RepositoryConfigurationDelegate : Finished Spring Data repository scanning in 63 ms. Found 7 JPA repository interfaces.
2023-06-23 18:35:40,666 INFO [main] org.springframework.boot.web.embedded.tomcat.TomcatWebServer : Tomcat initialized with port(s): 8081 (http)
2023-06-23 18:35:40,673 INFO [main] org.apache.catalina.core.StandardService : Starting service [Tomcat]
2023-06-23 18:35:40,673 INFO [main] org.apache.catalina.core.StandardEngine : Starting Servlet engine: [Apache Tomcat/10.1.8]
2023-06-23 18:35:40,745 INFO [main] org.apache.catalina.core.ContainerBase.[Tomcat].[localhost].[/] : Initializing Spring embedded WebApplicationContext
2023-06-23 18:35:40,746 INFO [main] org.springframework.boot.web.servlet.context.ServletWebServerApplicationContext : Root WebApplicationContext: initialization completed in 1143 ms
2023-06-23 18:35:40,879 INFO [main] org.hibernate.jpa.internal.util.LogHelper : HHH000204: Processing PersistenceUnitInfo [name: default]
2023-06-23 18:35:40,909 INFO [main] org.hibernate.Version : HHH000412: Hibernate ORM core version 6.1.7.Final
2023-06-23 18:35:41,071 INFO [main] com.zaxxer.hikari.HikariDataSource : HikariPool-1 - Starting...
2023-06-23 18:35:41,258 INFO [main] com.zaxxer.hikari.pool.HikariPool : HikariPool-1 - Added connection com.mysql.cj.jdbc.ConnectionImpl@1e471884
2023-06-23 18:35:41,259 INFO [main] com.zaxxer.hikari.HikariDataSource : HikariPool-1 - Start completed.
2023-06-23 18:35:41,294 INFO [main] SQL dialect : HHH000400: Using dialect: org.hibernate.dialect.MySQLDialect
2023-06-23 18:35:42,027 INFO [main] org.hibernate.engine.transaction.jta.platform.internal.JtaPlatformInitiator : HHH000490: Using JtaPlatform implementation: [org.hibernate.engine.transaction.jta.platform.internal.NoJtaPlatform]
2023-06-23 18:35:42,033 INFO [main] org.springframework.orm.jpa.LocalContainerEntityManagerFactoryBean : Initialized JPA EntityManagerFactory for persistence unit 'default'
2023-06-23 18:35:42,737 WARN [main] org.springframework.boot.autoconfigure.orm.jpa.JpaBaseConfiguration$JpaWebConfiguration : spring.jpa.open-in-view is enabled by default. Therefore, database queries may be performed during view rendering. Explicitly configure spring.jpa.open-in-view to disable this warning
2023-06-23 18:35:42,982 INFO [main] org.springframework.security.web.DefaultSecurityFilterChain : Will secure any request with [org.springframework.security.web.session.DisableEncodeUrlFilter@7ecd6861, org.springframework.security.web.context.request.async.WebAsyncManagerIntegrationFilter@6557dcea, org.springframework.security.web.context.SecurityContextHolderFilter@4f70b659, org.springframework.security.web.header.HeaderWriterFilter@1e5921ec, org.springframework.web.filter.CorsFilter@76e4df53, org.springframework.security.web.authentication.logout.LogoutFilter@4822d7a1, org.springframework.security.oauth2.server.resource.web.authentication.BearerTokenAuthenticationFilter@2b8f5aa4, org.springframework.security.web.savedrequest.RequestCacheAwareFilter@73ba3c4b, org.springframework.security.web.servletapi.SecurityContextHolderAwareRequestFilter@304933cb, org.springframework.security.web.authentication.AnonymousAuthenticationFilter@569d6e0d, org.springframework.security.web.access.ExceptionTranslationFilter@2b551e7b, org.springframework.security.web.access.intercept.AuthorizationFilter@16df0ebd]
2023-06-23 18:35:43,234 INFO [main] org.springframework.boot.web.embedded.tomcat.TomcatWebServer : Tomcat started on port(s): 8081 (http) with context path ''
2023-06-23 18:35:43,243 INFO [main] com.example.gradebackend.GradeBackendApplication : Started GradeBackendApplication in 4.017 seconds (process running for 4.615)
2023-06-23 18:35:43,652 INFO [http-nio-8081-exec-1] org.apache.catalina.core.ContainerBase.[Tomcat].[localhost].[/] : Initializing Spring DispatcherServlet 'dispatcherServlet'
2023-06-23 18:35:43,653 INFO [http-nio-8081-exec-1] org.springframework.web.servlet.DispatcherServlet : Initializing Servlet 'dispatcherServlet'
2023-06-23 18:35:43,655 INFO [http-nio-8081-exec-1] org.springframework.web.servlet.DispatcherServlet : Completed initialization in 1 ms
2023-06-23 18:35:52,960 WARN [http-nio-8081-exec-6] org.springframework.web.servlet.mvc.support.DefaultHandlerExceptionResolver : Resolved [org.springframework.web.HttpRequestMethodNotSupportedException: Request method 'POST' is not supported]
2023-06-23 18:36:56,068 WARN [http-nio-8081-exec-2] org.springframework.web.servlet.mvc.support.DefaultHandlerExceptionResolver : Resolved [org.springframework.web.HttpRequestMethodNotSupportedException: Request method 'POST' is not supported]
2023-06-23 18:37:04,721 INFO [SpringApplicationShutdownHook] org.springframework.orm.jpa.LocalContainerEntityManagerFactoryBean : Closing JPA EntityManagerFactory for persistence unit 'default'
2023-06-23 18:37:04,722 INFO [SpringApplicationShutdownHook] com.zaxxer.hikari.HikariDataSource : HikariPool-1 - Shutdown initiated...
2023-06-23 18:37:04,728 INFO [SpringApplicationShutdownHook] com.zaxxer.hikari.HikariDataSource : HikariPool-1 - Shutdown completed.
2023-06-23 18:37:09,643 INFO [main] com.example.gradebackend.GradeBackendApplication : Starting GradeBackendApplication using Java 17.0.2 with PID 13932 (C:\JOB\Grade-Backend\build\classes\java\main started by nick3 in C:\JOB\Grade-Backend)
2023-06-23 18:37:09,645 INFO [main] com.example.gradebackend.GradeBackendApplication : No active profile set, falling back to 1 default profile: "default"
2023-06-23 18:37:10,179 INFO [main] org.springframework.data.repository.config.RepositoryConfigurationDelegate : Bootstrapping Spring Data JPA repositories in DEFAULT mode.
2023-06-23 18:37:10,236 INFO [main] org.springframework.data.repository.config.RepositoryConfigurationDelegate : Finished Spring Data repository scanning in 50 ms. Found 7 JPA repository interfaces.
2023-06-23 18:37:10,649 INFO [main] org.springframework.boot.web.embedded.tomcat.TomcatWebServer : Tomcat initialized with port(s): 8081 (http)
2023-06-23 18:37:10,655 INFO [main] org.apache.catalina.core.StandardService : Starting service [Tomcat]
2023-06-23 18:37:10,655 INFO [main] org.apache.catalina.core.StandardEngine : Starting Servlet engine: [Apache Tomcat/10.1.8]
2023-06-23 18:37:10,719 INFO [main] org.apache.catalina.core.ContainerBase.[Tomcat].[localhost].[/] : Initializing Spring embedded WebApplicationContext
2023-06-23 18:37:10,719 INFO [main] org.springframework.boot.web.servlet.context.ServletWebServerApplicationContext : Root WebApplicationContext: initialization completed in 1044 ms
2023-06-23 18:37:10,838 INFO [main] org.hibernate.jpa.internal.util.LogHelper : HHH000204: Processing PersistenceUnitInfo [name: default]
2023-06-23 18:37:10,870 INFO [main] org.hibernate.Version : HHH000412: Hibernate ORM core version 6.1.7.Final
2023-06-23 18:37:11,016 INFO [main] com.zaxxer.hikari.HikariDataSource : HikariPool-1 - Starting...
2023-06-23 18:37:11,193 INFO [main] com.zaxxer.hikari.pool.HikariPool : HikariPool-1 - Added connection com.mysql.cj.jdbc.ConnectionImpl@4cc26df
2023-06-23 18:37:11,195 INFO [main] com.zaxxer.hikari.HikariDataSource : HikariPool-1 - Start completed.
2023-06-23 18:37:11,224 INFO [main] SQL dialect : HHH000400: Using dialect: org.hibernate.dialect.MySQLDialect
2023-06-23 18:37:11,934 INFO [main] org.hibernate.engine.transaction.jta.platform.internal.JtaPlatformInitiator : HHH000490: Using JtaPlatform implementation: [org.hibernate.engine.transaction.jta.platform.internal.NoJtaPlatform]
2023-06-23 18:37:11,940 INFO [main] org.springframework.orm.jpa.LocalContainerEntityManagerFactoryBean : Initialized JPA EntityManagerFactory for persistence unit 'default'
2023-06-23 18:37:12,653 WARN [main] org.springframework.boot.autoconfigure.orm.jpa.JpaBaseConfiguration$JpaWebConfiguration : spring.jpa.open-in-view is enabled by default. Therefore, database queries may be performed during view rendering. Explicitly configure spring.jpa.open-in-view to disable this warning
2023-06-23 18:37:13,017 INFO [main] org.springframework.security.web.DefaultSecurityFilterChain : Will secure any request with [org.springframework.security.web.session.DisableEncodeUrlFilter@70313b0b, org.springframework.security.web.context.request.async.WebAsyncManagerIntegrationFilter@5da16ed6, org.springframework.security.web.context.SecurityContextHolderFilter@7d816d32, org.springframework.security.web.header.HeaderWriterFilter@2060df8, org.springframework.web.filter.CorsFilter@444720b7, org.springframework.security.web.authentication.logout.LogoutFilter@2693e39c, org.springframework.security.oauth2.server.resource.web.authentication.BearerTokenAuthenticationFilter@6bab373c, org.springframework.security.web.savedrequest.RequestCacheAwareFilter@5069a91b, org.springframework.security.web.servletapi.SecurityContextHolderAwareRequestFilter@443d94ae, org.springframework.security.web.authentication.AnonymousAuthenticationFilter@529fda9f, org.springframework.security.web.access.ExceptionTranslationFilter@7c08461b, org.springframework.security.web.access.intercept.AuthorizationFilter@173602c0]
2023-06-23 18:37:13,243 INFO [main] org.springframework.boot.web.embedded.tomcat.TomcatWebServer : Tomcat started on port(s): 8081 (http) with context path ''
2023-06-23 18:37:13,252 INFO [main] com.example.gradebackend.GradeBackendApplication : Started GradeBackendApplication in 4.182 seconds (process running for 4.873)
2023-06-23 18:37:13,288 INFO [http-nio-8081-exec-1] org.apache.catalina.core.ContainerBase.[Tomcat].[localhost].[/] : Initializing Spring DispatcherServlet 'dispatcherServlet'
2023-06-23 18:37:13,288 INFO [http-nio-8081-exec-1] org.springframework.web.servlet.DispatcherServlet : Initializing Servlet 'dispatcherServlet'
2023-06-23 18:37:13,289 INFO [http-nio-8081-exec-1] org.springframework.web.servlet.DispatcherServlet : Completed initialization in 1 ms
2023-06-23 18:37:20,358 WARN [http-nio-8081-exec-2] org.springframework.web.servlet.mvc.support.DefaultHandlerExceptionResolver : Resolved [org.springframework.web.HttpRequestMethodNotSupportedException: Request method 'POST' is not supported]
2023-06-23 18:38:42,883 INFO [SpringApplicationShutdownHook] org.springframework.orm.jpa.LocalContainerEntityManagerFactoryBean : Closing JPA EntityManagerFactory for persistence unit 'default'
2023-06-23 18:38:42,885 INFO [SpringApplicationShutdownHook] com.zaxxer.hikari.HikariDataSource : HikariPool-1 - Shutdown initiated...
2023-06-23 18:38:42,893 INFO [SpringApplicationShutdownHook] com.zaxxer.hikari.HikariDataSource : HikariPool-1 - Shutdown completed.
2023-06-23 18:38:48,089 INFO [main] com.example.gradebackend.GradeBackendApplication : Starting GradeBackendApplication using Java 17.0.2 with PID 22708 (C:\JOB\Grade-Backend\build\classes\java\main started by nick3 in C:\JOB\Grade-Backend)
2023-06-23 18:38:48,091 INFO [main] com.example.gradebackend.GradeBackendApplication : No active profile set, falling back to 1 default profile: "default"
2023-06-23 18:38:48,761 INFO [main] org.springframework.data.repository.config.RepositoryConfigurationDelegate : Bootstrapping Spring Data JPA repositories in DEFAULT mode.
2023-06-23 18:38:48,839 INFO [main] org.springframework.data.repository.config.RepositoryConfigurationDelegate : Finished Spring Data repository scanning in 70 ms. Found 7 JPA repository interfaces.
2023-06-23 18:38:49,281 INFO [main] org.springframework.boot.web.embedded.tomcat.TomcatWebServer : Tomcat initialized with port(s): 8081 (http)
2023-06-23 18:38:49,290 INFO [main] org.apache.catalina.core.StandardService : Starting service [Tomcat]
2023-06-23 18:38:49,290 INFO [main] org.apache.catalina.core.StandardEngine : Starting Servlet engine: [Apache Tomcat/10.1.8]
2023-06-23 18:38:49,365 INFO [main] org.apache.catalina.core.ContainerBase.[Tomcat].[localhost].[/] : Initializing Spring embedded WebApplicationContext
2023-06-23 18:38:49,366 INFO [main] org.springframework.boot.web.servlet.context.ServletWebServerApplicationContext : Root WebApplicationContext: initialization completed in 1242 ms
2023-06-23 18:38:49,477 INFO [main] org.hibernate.jpa.internal.util.LogHelper : HHH000204: Processing PersistenceUnitInfo [name: default]
2023-06-23 18:38:49,506 INFO [main] org.hibernate.Version : HHH000412: Hibernate ORM core version 6.1.7.Final
2023-06-23 18:38:49,674 INFO [main] com.zaxxer.hikari.HikariDataSource : HikariPool-1 - Starting...
2023-06-23 18:38:49,886 INFO [main] com.zaxxer.hikari.pool.HikariPool : HikariPool-1 - Added connection com.mysql.cj.jdbc.ConnectionImpl@5fde1d64
2023-06-23 18:38:49,888 INFO [main] com.zaxxer.hikari.HikariDataSource : HikariPool-1 - Start completed.
2023-06-23 18:38:49,918 INFO [main] SQL dialect : HHH000400: Using dialect: org.hibernate.dialect.MySQLDialect
2023-06-23 18:38:50,699 INFO [main] org.hibernate.engine.transaction.jta.platform.internal.JtaPlatformInitiator : HHH000490: Using JtaPlatform implementation: [org.hibernate.engine.transaction.jta.platform.internal.NoJtaPlatform]
2023-06-23 18:38:50,708 INFO [main] org.springframework.orm.jpa.LocalContainerEntityManagerFactoryBean : Initialized JPA EntityManagerFactory for persistence unit 'default'
2023-06-23 18:38:51,544 WARN [main] org.springframework.boot.autoconfigure.orm.jpa.JpaBaseConfiguration$JpaWebConfiguration : spring.jpa.open-in-view is enabled by default. Therefore, database queries may be performed during view rendering. Explicitly configure spring.jpa.open-in-view to disable this warning
2023-06-23 18:38:51,801 INFO [main] org.springframework.security.web.DefaultSecurityFilterChain : Will secure any request with [org.springframework.security.web.session.DisableEncodeUrlFilter@2d0ce8a1, org.springframework.security.web.context.request.async.WebAsyncManagerIntegrationFilter@2735a7dc, org.springframework.security.web.context.SecurityContextHolderFilter@2b27d5d3, org.springframework.security.web.header.HeaderWriterFilter@2693e39c, org.springframework.web.filter.CorsFilter@549b26d7, org.springframework.security.web.authentication.logout.LogoutFilter@444720b7, org.springframework.security.oauth2.server.resource.web.authentication.BearerTokenAuthenticationFilter@1c4a8c93, org.springframework.security.web.savedrequest.RequestCacheAwareFilter@cc3fc5c, org.springframework.security.web.servletapi.SecurityContextHolderAwareRequestFilter@2aac60b, org.springframework.security.web.authentication.AnonymousAuthenticationFilter@2c9430c6, org.springframework.security.web.access.ExceptionTranslationFilter@326d39fd, org.springframework.security.web.access.intercept.AuthorizationFilter@72ea5674]
2023-06-23 18:38:52,044 INFO [main] org.springframework.boot.web.embedded.tomcat.TomcatWebServer : Tomcat started on port(s): 8081 (http) with context path ''
2023-06-23 18:38:52,053 INFO [main] com.example.gradebackend.GradeBackendApplication : Started GradeBackendApplication in 4.253 seconds (process running for 4.699)
2023-06-23 18:38:52,148 INFO [http-nio-8081-exec-2] org.apache.catalina.core.ContainerBase.[Tomcat].[localhost].[/] : Initializing Spring DispatcherServlet 'dispatcherServlet'
2023-06-23 18:38:52,148 INFO [http-nio-8081-exec-2] org.springframework.web.servlet.DispatcherServlet : Initializing Servlet 'dispatcherServlet'
2023-06-23 18:38:52,149 INFO [http-nio-8081-exec-2] org.springframework.web.servlet.DispatcherServlet : Completed initialization in 1 ms
2023-06-23 18:38:57,542 WARN [http-nio-8081-exec-6] org.springframework.web.servlet.mvc.support.DefaultHandlerExceptionResolver : Resolved [org.springframework.web.HttpRequestMethodNotSupportedException: Request method 'POST' is not supported]
2023-06-23 18:39:23,459 WARN [http-nio-8081-exec-6] org.springframework.web.servlet.mvc.support.DefaultHandlerExceptionResolver : Resolved [org.springframework.web.HttpRequestMethodNotSupportedException: Request method 'POST' is not supported]
2023-06-23 18:42:55,245 INFO [SpringApplicationShutdownHook] org.springframework.orm.jpa.LocalContainerEntityManagerFactoryBean : Closing JPA EntityManagerFactory for persistence unit 'default'
2023-06-23 18:42:55,247 INFO [SpringApplicationShutdownHook] com.zaxxer.hikari.HikariDataSource : HikariPool-1 - Shutdown initiated...
2023-06-23 18:42:55,253 INFO [SpringApplicationShutdownHook] com.zaxxer.hikari.HikariDataSource : HikariPool-1 - Shutdown completed.
2023-06-23 18:42:57,945 INFO [main] com.example.gradebackend.GradeBackendApplication : Starting GradeBackendApplication using Java 17.0.2 with PID 8368 (C:\JOB\Grade-Backend\build\classes\java\main started by nick3 in C:\JOB\Grade-Backend)
2023-06-23 18:42:57,947 INFO [main] com.example.gradebackend.GradeBackendApplication : No active profile set, falling back to 1 default profile: "default"
2023-06-23 18:42:58,535 INFO [main] org.springframework.data.repository.config.RepositoryConfigurationDelegate : Bootstrapping Spring Data JPA repositories in DEFAULT mode.
2023-06-23 18:42:58,594 INFO [main] org.springframework.data.repository.config.RepositoryConfigurationDelegate : Finished Spring Data repository scanning in 53 ms. Found 7 JPA repository interfaces.
2023-06-23 18:42:59,033 INFO [main] org.springframework.boot.web.embedded.tomcat.TomcatWebServer : Tomcat initialized with port(s): 8081 (http)
2023-06-23 18:42:59,038 INFO [main] org.apache.catalina.core.StandardService : Starting service [Tomcat]
2023-06-23 18:42:59,038 INFO [main] org.apache.catalina.core.StandardEngine : Starting Servlet engine: [Apache Tomcat/10.1.8]
2023-06-23 18:42:59,100 INFO [main] org.apache.catalina.core.ContainerBase.[Tomcat].[localhost].[/] : Initializing Spring embedded WebApplicationContext
2023-06-23 18:42:59,101 INFO [main] org.springframework.boot.web.servlet.context.ServletWebServerApplicationContext : Root WebApplicationContext: initialization completed in 1125 ms
2023-06-23 18:42:59,205 INFO [main] org.hibernate.jpa.internal.util.LogHelper : HHH000204: Processing PersistenceUnitInfo [name: default]
2023-06-23 18:42:59,232 INFO [main] org.hibernate.Version : HHH000412: Hibernate ORM core version 6.1.7.Final
2023-06-23 18:42:59,390 INFO [main] com.zaxxer.hikari.HikariDataSource : HikariPool-1 - Starting...
2023-06-23 18:42:59,576 INFO [main] com.zaxxer.hikari.pool.HikariPool : HikariPool-1 - Added connection com.mysql.cj.jdbc.ConnectionImpl@7757a37f
2023-06-23 18:42:59,578 INFO [main] com.zaxxer.hikari.HikariDataSource : HikariPool-1 - Start completed.
2023-06-23 18:42:59,606 INFO [main] SQL dialect : HHH000400: Using dialect: org.hibernate.dialect.MySQLDialect
2023-06-23 18:43:00,286 INFO [main] org.hibernate.engine.transaction.jta.platform.internal.JtaPlatformInitiator : HHH000490: Using JtaPlatform implementation: [org.hibernate.engine.transaction.jta.platform.internal.NoJtaPlatform]
2023-06-23 18:43:00,292 INFO [main] org.springframework.orm.jpa.LocalContainerEntityManagerFactoryBean : Initialized JPA EntityManagerFactory for persistence unit 'default'
2023-06-23 18:43:01,022 WARN [main] org.springframework.boot.autoconfigure.orm.jpa.JpaBaseConfiguration$JpaWebConfiguration : spring.jpa.open-in-view is enabled by default. Therefore, database queries may be performed during view rendering. Explicitly configure spring.jpa.open-in-view to disable this warning
2023-06-23 18:43:01,279 INFO [main] org.springframework.security.web.DefaultSecurityFilterChain : Will secure any request with [org.springframework.security.web.session.DisableEncodeUrlFilter@773ad729, org.springframework.security.web.context.request.async.WebAsyncManagerIntegrationFilter@20e8286a, org.springframework.security.web.context.SecurityContextHolderFilter@797c67c, org.springframework.security.web.header.HeaderWriterFilter@4d1f6e1c, org.springframework.web.filter.CorsFilter@4d408746, org.springframework.security.web.authentication.logout.LogoutFilter@628b1538, org.springframework.security.oauth2.server.resource.web.authentication.BearerTokenAuthenticationFilter@569d6e0d, org.springframework.security.web.savedrequest.RequestCacheAwareFilter@b1d7b09, org.springframework.security.web.servletapi.SecurityContextHolderAwareRequestFilter@64faf3d, org.springframework.security.web.authentication.AnonymousAuthenticationFilter@6ae55678, org.springframework.security.web.access.ExceptionTranslationFilter@7a4199e5, org.springframework.security.web.access.intercept.AuthorizationFilter@74597c37]
2023-06-23 18:43:01,523 INFO [main] org.springframework.boot.web.embedded.tomcat.TomcatWebServer : Tomcat started on port(s): 8081 (http) with context path ''
2023-06-23 18:43:01,532 INFO [main] com.example.gradebackend.GradeBackendApplication : Started GradeBackendApplication in 3.872 seconds (process running for 4.299)
2023-06-23 18:43:22,316 INFO [http-nio-8081-exec-1] org.apache.catalina.core.ContainerBase.[Tomcat].[localhost].[/] : Initializing Spring DispatcherServlet 'dispatcherServlet'
2023-06-23 18:43:22,316 INFO [http-nio-8081-exec-1] org.springframework.web.servlet.DispatcherServlet : Initializing Servlet 'dispatcherServlet'
2023-06-23 18:43:22,317 INFO [http-nio-8081-exec-1] org.springframework.web.servlet.DispatcherServlet : Completed initialization in 1 ms
2023-06-23 18:43:26,774 WARN [http-nio-8081-exec-5] org.springframework.web.servlet.mvc.support.DefaultHandlerExceptionResolver : Resolved [org.springframework.web.HttpRequestMethodNotSupportedException: Request method 'POST' is not supported]
2023-06-23 18:47:30,686 INFO [SpringApplicationShutdownHook] org.springframework.orm.jpa.LocalContainerEntityManagerFactoryBean : Closing JPA EntityManagerFactory for persistence unit 'default'
2023-06-23 18:47:30,688 INFO [SpringApplicationShutdownHook] com.zaxxer.hikari.HikariDataSource : HikariPool-1 - Shutdown initiated...
2023-06-23 18:47:30,696 INFO [SpringApplicationShutdownHook] com.zaxxer.hikari.HikariDataSource : HikariPool-1 - Shutdown completed.
2023-06-23 18:47:43,744 INFO [main] com.example.gradebackend.GradeBackendApplication : Starting GradeBackendApplication using Java 17.0.2 with PID 25792 (C:\JOB\Grade-Backend\build\classes\java\main started by nick3 in C:\JOB\Grade-Backend)
2023-06-23 18:47:43,746 INFO [main] com.example.gradebackend.GradeBackendApplication : No active profile set, falling back to 1 default profile: "default"
2023-06-23 18:47:44,376 INFO [main] org.springframework.data.repository.config.RepositoryConfigurationDelegate : Bootstrapping Spring Data JPA repositories in DEFAULT mode.
2023-06-23 18:47:44,447 INFO [main] org.springframework.data.repository.config.RepositoryConfigurationDelegate : Finished Spring Data repository scanning in 65 ms. Found 7 JPA repository interfaces.
2023-06-23 18:47:44,964 INFO [main] org.springframework.boot.web.embedded.tomcat.TomcatWebServer : Tomcat initialized with port(s): 8081 (http)
2023-06-23 18:47:44,970 INFO [main] org.apache.catalina.core.StandardService : Starting service [Tomcat]
2023-06-23 18:47:44,971 INFO [main] org.apache.catalina.core.StandardEngine : Starting Servlet engine: [Apache Tomcat/10.1.8]
2023-06-23 18:47:45,051 INFO [main] org.apache.catalina.core.ContainerBase.[Tomcat].[localhost].[/] : Initializing Spring embedded WebApplicationContext
2023-06-23 18:47:45,051 INFO [main] org.springframework.boot.web.servlet.context.ServletWebServerApplicationContext : Root WebApplicationContext: initialization completed in 1270 ms
2023-06-23 18:47:45,171 INFO [main] org.hibernate.jpa.internal.util.LogHelper : HHH000204: Processing PersistenceUnitInfo [name: default]
2023-06-23 18:47:45,205 INFO [main] org.hibernate.Version : HHH000412: Hibernate ORM core version 6.1.7.Final
2023-06-23 18:47:45,397 INFO [main] com.zaxxer.hikari.HikariDataSource : HikariPool-1 - Starting...
2023-06-23 18:47:45,631 INFO [main] com.zaxxer.hikari.pool.HikariPool : HikariPool-1 - Added connection com.mysql.cj.jdbc.ConnectionImpl@6451a288
2023-06-23 18:47:45,632 INFO [main] com.zaxxer.hikari.HikariDataSource : HikariPool-1 - Start completed.
2023-06-23 18:47:45,670 INFO [main] SQL dialect : HHH000400: Using dialect: org.hibernate.dialect.MySQLDialect
2023-06-23 18:47:46,510 INFO [main] org.hibernate.engine.transaction.jta.platform.internal.JtaPlatformInitiator : HHH000490: Using JtaPlatform implementation: [org.hibernate.engine.transaction.jta.platform.internal.NoJtaPlatform]
2023-06-23 18:47:46,518 INFO [main] org.springframework.orm.jpa.LocalContainerEntityManagerFactoryBean : Initialized JPA EntityManagerFactory for persistence unit 'default'
2023-06-23 18:47:47,371 WARN [main] org.springframework.boot.autoconfigure.orm.jpa.JpaBaseConfiguration$JpaWebConfiguration : spring.jpa.open-in-view is enabled by default. Therefore, database queries may be performed during view rendering. Explicitly configure spring.jpa.open-in-view to disable this warning
2023-06-23 18:47:47,717 INFO [main] org.springframework.security.web.DefaultSecurityFilterChain : Will secure any request with [org.springframework.security.web.session.DisableEncodeUrlFilter@2a0d8df8, org.springframework.security.web.context.request.async.WebAsyncManagerIntegrationFilter@63be4548, org.springframework.security.web.context.SecurityContextHolderFilter@7fe40b9f, org.springframework.security.web.header.HeaderWriterFilter@b1d7b09, org.springframework.web.filter.CorsFilter@232899d1, org.springframework.security.web.authentication.logout.LogoutFilter@4101e146, org.springframework.security.oauth2.server.resource.web.authentication.BearerTokenAuthenticationFilter@2d4aadc, org.springframework.security.web.savedrequest.RequestCacheAwareFilter@648c80cb, org.springframework.security.web.servletapi.SecurityContextHolderAwareRequestFilter@4a9d6eb9, org.springframework.security.web.authentication.AnonymousAuthenticationFilter@522221e1, org.springframework.security.web.access.ExceptionTranslationFilter@797c67c, org.springframework.security.web.access.intercept.AuthorizationFilter@6bab373c]
2023-06-23 18:47:47,941 INFO [main] org.springframework.boot.web.embedded.tomcat.TomcatWebServer : Tomcat started on port(s): 8081 (http) with context path ''
2023-06-23 18:47:47,950 INFO [main] com.example.gradebackend.GradeBackendApplication : Started GradeBackendApplication in 4.586 seconds (process running for 5.34)
2023-06-23 18:48:02,903 INFO [http-nio-8081-exec-1] org.apache.catalina.core.ContainerBase.[Tomcat].[localhost].[/] : Initializing Spring DispatcherServlet 'dispatcherServlet'
2023-06-23 18:48:02,903 INFO [http-nio-8081-exec-1] org.springframework.web.servlet.DispatcherServlet : Initializing Servlet 'dispatcherServlet'
2023-06-23 18:48:02,905 INFO [http-nio-8081-exec-1] org.springframework.web.servlet.DispatcherServlet : Completed initialization in 1 ms
2023-06-23 18:51:37,130 INFO [SpringApplicationShutdownHook] org.springframework.orm.jpa.LocalContainerEntityManagerFactoryBean : Closing JPA EntityManagerFactory for persistence unit 'default'
2023-06-23 18:51:37,133 INFO [SpringApplicationShutdownHook] com.zaxxer.hikari.HikariDataSource : HikariPool-1 - Shutdown initiated...
2023-06-23 18:51:37,141 INFO [SpringApplicationShutdownHook] com.zaxxer.hikari.HikariDataSource : HikariPool-1 - Shutdown completed.
2023-06-23 18:51:44,765 INFO [main] com.example.gradebackend.GradeBackendApplication : Starting GradeBackendApplication using Java 17.0.2 with PID 17252 (C:\JOB\Grade-Backend\build\classes\java\main started by nick3 in C:\JOB\Grade-Backend)
2023-06-23 18:51:44,773 INFO [main] com.example.gradebackend.GradeBackendApplication : No active profile set, falling back to 1 default profile: "default"
2023-06-23 18:51:45,846 INFO [main] org.springframework.data.repository.config.RepositoryConfigurationDelegate : Bootstrapping Spring Data JPA repositories in DEFAULT mode.
2023-06-23 18:51:45,969 INFO [main] org.springframework.data.repository.config.RepositoryConfigurationDelegate : Finished Spring Data repository scanning in 114 ms. Found 7 JPA repository interfaces.
2023-06-23 18:51:46,641 INFO [main] org.springframework.boot.web.embedded.tomcat.TomcatWebServer : Tomcat initialized with port(s): 8081 (http)
2023-06-23 18:51:46,647 INFO [main] org.apache.catalina.core.StandardService : Starting service [Tomcat]
2023-06-23 18:51:46,647 INFO [main] org.apache.catalina.core.StandardEngine : Starting Servlet engine: [Apache Tomcat/10.1.8]
2023-06-23 18:51:46,738 INFO [main] org.apache.catalina.core.ContainerBase.[Tomcat].[localhost].[/] : Initializing Spring embedded WebApplicationContext
2023-06-23 18:51:46,738 INFO [main] org.springframework.boot.web.servlet.context.ServletWebServerApplicationContext : Root WebApplicationContext: initialization completed in 1919 ms
2023-06-23 18:51:46,890 INFO [main] org.hibernate.jpa.internal.util.LogHelper : HHH000204: Processing PersistenceUnitInfo [name: default]
2023-06-23 18:51:46,927 INFO [main] org.hibernate.Version : HHH000412: Hibernate ORM core version 6.1.7.Final
2023-06-23 18:51:47,122 INFO [main] com.zaxxer.hikari.HikariDataSource : HikariPool-1 - Starting...
2023-06-23 18:51:47,373 INFO [main] com.zaxxer.hikari.pool.HikariPool : HikariPool-1 - Added connection com.mysql.cj.jdbc.ConnectionImpl@4cc26df
2023-06-23 18:51:47,375 INFO [main] com.zaxxer.hikari.HikariDataSource : HikariPool-1 - Start completed.
2023-06-23 18:51:47,412 INFO [main] SQL dialect : HHH000400: Using dialect: org.hibernate.dialect.MySQLDialect
2023-06-23 18:51:48,353 INFO [main] org.hibernate.engine.transaction.jta.platform.internal.JtaPlatformInitiator : HHH000490: Using JtaPlatform implementation: [org.hibernate.engine.transaction.jta.platform.internal.NoJtaPlatform]
2023-06-23 18:51:48,362 INFO [main] org.springframework.orm.jpa.LocalContainerEntityManagerFactoryBean : Initialized JPA EntityManagerFactory for persistence unit 'default'
2023-06-23 18:51:49,176 WARN [main] org.springframework.boot.autoconfigure.orm.jpa.JpaBaseConfiguration$JpaWebConfiguration : spring.jpa.open-in-view is enabled by default. Therefore, database queries may be performed during view rendering. Explicitly configure spring.jpa.open-in-view to disable this warning
2023-06-23 18:51:49,480 INFO [main] org.springframework.security.web.DefaultSecurityFilterChain : Will secure any request with [org.springframework.security.web.session.DisableEncodeUrlFilter@6d3c80bf, org.springframework.security.web.context.request.async.WebAsyncManagerIntegrationFilter@2f53e07d, org.springframework.security.web.context.SecurityContextHolderFilter@326d39fd, org.springframework.security.web.header.HeaderWriterFilter@24facb47, org.springframework.web.filter.CorsFilter@5c3ad125, org.springframework.security.web.authentication.logout.LogoutFilter@4dcc0e3d, org.springframework.security.oauth2.server.resource.web.authentication.BearerTokenAuthenticationFilter@14060410, org.springframework.security.web.savedrequest.RequestCacheAwareFilter@2693e39c, org.springframework.security.web.servletapi.SecurityContextHolderAwareRequestFilter@4bbabec8, org.springframework.security.web.authentication.AnonymousAuthenticationFilter@145ce025, org.springframework.security.web.access.ExceptionTranslationFilter@5b9c74a, org.springframework.security.web.access.intercept.AuthorizationFilter@2b8f5aa4]
2023-06-23 18:51:49,763 INFO [main] org.springframework.boot.web.embedded.tomcat.TomcatWebServer : Tomcat started on port(s): 8081 (http) with context path ''
2023-06-23 18:51:49,776 INFO [main] com.example.gradebackend.GradeBackendApplication : Started GradeBackendApplication in 5.366 seconds (process running for 6.318)
2023-06-23 18:51:50,283 INFO [http-nio-8081-exec-1] org.apache.catalina.core.ContainerBase.[Tomcat].[localhost].[/] : Initializing Spring DispatcherServlet 'dispatcherServlet'
2023-06-23 18:51:50,284 INFO [http-nio-8081-exec-1] org.springframework.web.servlet.DispatcherServlet : Initializing Servlet 'dispatcherServlet'
2023-06-23 18:51:50,285 INFO [http-nio-8081-exec-1] org.springframework.web.servlet.DispatcherServlet : Completed initialization in 1 ms
2023-06-23 20:23:00,070 INFO [Test worker] com.example.gradebackend.controller.AuthControllerTest : Starting AuthControllerTest using Java 17.0.2 with PID 7608 (started by nick3 in C:\JOB\Grade-Backend)
2023-06-23 20:23:00,071 INFO [Test worker] com.example.gradebackend.controller.AuthControllerTest : No active profile set, falling back to 1 default profile: "default"
2023-06-23 20:23:00,760 INFO [Test worker] org.springframework.data.repository.config.RepositoryConfigurationDelegate : Bootstrapping Spring Data JPA repositories in DEFAULT mode.
2023-06-23 20:23:00,835 INFO [Test worker] org.springframework.data.repository.config.RepositoryConfigurationDelegate : Finished Spring Data repository scanning in 67 ms. Found 7 JPA repository interfaces.
2023-06-23 20:23:01,291 INFO [Test worker] org.hibernate.jpa.internal.util.LogHelper : HHH000204: Processing PersistenceUnitInfo [name: default]
2023-06-23 20:23:01,351 INFO [Test worker] org.hibernate.Version : HHH000412: Hibernate ORM core version 6.1.7.Final
2023-06-23 20:23:01,634 INFO [Test worker] com.zaxxer.hikari.HikariDataSource : HikariPool-1 - Starting...
2023-06-23 20:23:01,945 INFO [Test worker] com.zaxxer.hikari.pool.HikariPool : HikariPool-1 - Added connection com.mysql.cj.jdbc.ConnectionImpl@1a336906
2023-06-23 20:23:01,947 INFO [Test worker] com.zaxxer.hikari.HikariDataSource : HikariPool-1 - Start completed.
2023-06-23 20:23:01,997 INFO [Test worker] SQL dialect : HHH000400: Using dialect: org.hibernate.dialect.MySQLDialect
2023-06-23 20:23:02,843 INFO [Test worker] org.hibernate.engine.transaction.jta.platform.internal.JtaPlatformInitiator : HHH000490: Using JtaPlatform implementation: [org.hibernate.engine.transaction.jta.platform.internal.NoJtaPlatform]
2023-06-23 20:23:02,852 INFO [Test worker] org.springframework.orm.jpa.LocalContainerEntityManagerFactoryBean : Initialized JPA EntityManagerFactory for persistence unit 'default'
2023-06-23 20:23:03,777 WARN [Test worker] org.springframework.boot.autoconfigure.orm.jpa.JpaBaseConfiguration$JpaWebConfiguration : spring.jpa.open-in-view is enabled by default. Therefore, database queries may be performed during view rendering. Explicitly configure spring.jpa.open-in-view to disable this warning
2023-06-23 20:23:04,139 INFO [Test worker] org.springframework.security.web.DefaultSecurityFilterChain : Will secure any request with [org.springframework.security.web.session.DisableEncodeUrlFilter@1b2213b2, org.springframework.security.web.context.request.async.WebAsyncManagerIntegrationFilter@bf0025d, org.springframework.security.web.context.SecurityContextHolderFilter@5b5f48d5, org.springframework.security.web.header.HeaderWriterFilter@3eb4fdd5, org.springframework.web.filter.CorsFilter@227ae4e4, org.springframework.security.web.authentication.logout.LogoutFilter@2cee1bcf, org.springframework.security.oauth2.server.resource.web.authentication.BearerTokenAuthenticationFilter@17c7cc93, org.springframework.security.web.savedrequest.RequestCacheAwareFilter@63236968, org.springframework.security.web.servletapi.SecurityContextHolderAwareRequestFilter@4f6f7a86, org.springframework.security.web.authentication.AnonymousAuthenticationFilter@7cc966a9, org.springframework.security.web.access.ExceptionTranslationFilter@7a8316fa, org.springframework.security.web.access.intercept.AuthorizationFilter@298f7b0a]
2023-06-23 20:23:04,479 INFO [Test worker] com.example.gradebackend.controller.AuthControllerTest : Started AuthControllerTest in 4.605 seconds (process running for 5.549)
2023-06-23 20:23:04,706 INFO [SpringApplicationShutdownHook] org.springframework.orm.jpa.LocalContainerEntityManagerFactoryBean : Closing JPA EntityManagerFactory for persistence unit 'default'
2023-06-23 20:23:04,710 INFO [SpringApplicationShutdownHook] com.zaxxer.hikari.HikariDataSource : HikariPool-1 - Shutdown initiated...
2023-06-23 20:23:04,718 INFO [SpringApplicationShutdownHook] com.zaxxer.hikari.HikariDataSource : HikariPool-1 - Shutdown completed.
2023-06-23 20:23:30,859 INFO [Test worker] com.example.gradebackend.controller.AuthControllerTest : Starting AuthControllerTest using Java 17.0.2 with PID 18092 (started by nick3 in C:\JOB\Grade-Backend)
2023-06-23 20:23:30,860 INFO [Test worker] com.example.gradebackend.controller.AuthControllerTest : No active profile set, falling back to 1 default profile: "default"
2023-06-23 20:23:31,482 INFO [Test worker] org.springframework.data.repository.config.RepositoryConfigurationDelegate : Bootstrapping Spring Data JPA repositories in DEFAULT mode.
2023-06-23 20:23:31,547 INFO [Test worker] org.springframework.data.repository.config.RepositoryConfigurationDelegate : Finished Spring Data repository scanning in 55 ms. Found 7 JPA repository interfaces.
2023-06-23 20:23:31,968 INFO [Test worker] org.hibernate.jpa.internal.util.LogHelper : HHH000204: Processing PersistenceUnitInfo [name: default]
2023-06-23 20:23:32,012 INFO [Test worker] org.hibernate.Version : HHH000412: Hibernate ORM core version 6.1.7.Final
2023-06-23 20:23:32,245 INFO [Test worker] com.zaxxer.hikari.HikariDataSource : HikariPool-1 - Starting...
2023-06-23 20:23:32,484 INFO [Test worker] com.zaxxer.hikari.pool.HikariPool : HikariPool-1 - Added connection com.mysql.cj.jdbc.ConnectionImpl@56f2c9e8
2023-06-23 20:23:32,486 INFO [Test worker] com.zaxxer.hikari.HikariDataSource : HikariPool-1 - Start completed.
2023-06-23 20:23:32,525 INFO [Test worker] SQL dialect : HHH000400: Using dialect: org.hibernate.dialect.MySQLDialect
2023-06-23 20:23:33,318 INFO [Test worker] org.hibernate.engine.transaction.jta.platform.internal.JtaPlatformInitiator : HHH000490: Using JtaPlatform implementation: [org.hibernate.engine.transaction.jta.platform.internal.NoJtaPlatform]
2023-06-23 20:23:33,325 INFO [Test worker] org.springframework.orm.jpa.LocalContainerEntityManagerFactoryBean : Initialized JPA EntityManagerFactory for persistence unit 'default'
2023-06-23 20:23:34,193 WARN [Test worker] org.springframework.boot.autoconfigure.orm.jpa.JpaBaseConfiguration$JpaWebConfiguration : spring.jpa.open-in-view is enabled by default. Therefore, database queries may be performed during view rendering. Explicitly configure spring.jpa.open-in-view to disable this warning
2023-06-23 20:23:34,532 INFO [Test worker] org.springframework.security.web.DefaultSecurityFilterChain : Will secure any request with [org.springframework.security.web.session.DisableEncodeUrlFilter@5297030e, org.springframework.security.web.context.request.async.WebAsyncManagerIntegrationFilter@7fcc8d9f, org.springframework.security.web.context.SecurityContextHolderFilter@6442c2dd, org.springframework.security.web.header.HeaderWriterFilter@298f7b0a, org.springframework.web.filter.CorsFilter@7315264e, org.springframework.security.web.authentication.logout.LogoutFilter@4a577b99, org.springframework.security.oauth2.server.resource.web.authentication.BearerTokenAuthenticationFilter@511ba9c9, org.springframework.security.web.savedrequest.RequestCacheAwareFilter@2a10a99b, org.springframework.security.web.servletapi.SecurityContextHolderAwareRequestFilter@51617b93, org.springframework.security.web.authentication.AnonymousAuthenticationFilter@11c68269, org.springframework.security.web.access.ExceptionTranslationFilter@427c9a13, org.springframework.security.web.access.intercept.AuthorizationFilter@4781bb01]
2023-06-23 20:23:34,853 INFO [Test worker] com.example.gradebackend.controller.AuthControllerTest : Started AuthControllerTest in 4.191 seconds (process running for 5.112)
2023-06-23 20:23:35,091 INFO [SpringApplicationShutdownHook] org.springframework.orm.jpa.LocalContainerEntityManagerFactoryBean : Closing JPA EntityManagerFactory for persistence unit 'default'
2023-06-23 20:23:35,093 INFO [SpringApplicationShutdownHook] com.zaxxer.hikari.HikariDataSource : HikariPool-1 - Shutdown initiated...
2023-06-23 20:23:35,100 INFO [SpringApplicationShutdownHook] com.zaxxer.hikari.HikariDataSource : HikariPool-1 - Shutdown completed.
2023-06-23 20:24:30,994 INFO [Test worker] com.example.gradebackend.controller.AuthControllerTest : Starting AuthControllerTest using Java 17.0.2 with PID 11160 (started by nick3 in C:\JOB\Grade-Backend)
2023-06-23 20:24:30,995 INFO [Test worker] com.example.gradebackend.controller.AuthControllerTest : No active profile set, falling back to 1 default profile: "default"
2023-06-23 20:24:31,621 INFO [Test worker] org.springframework.data.repository.config.RepositoryConfigurationDelegate : Bootstrapping Spring Data JPA repositories in DEFAULT mode.
2023-06-23 20:24:31,688 INFO [Test worker] org.springframework.data.repository.config.RepositoryConfigurationDelegate : Finished Spring Data repository scanning in 58 ms. Found 7 JPA repository interfaces.
2023-06-23 20:24:32,110 INFO [Test worker] org.hibernate.jpa.internal.util.LogHelper : HHH000204: Processing PersistenceUnitInfo [name: default]
2023-06-23 20:24:32,161 INFO [Test worker] org.hibernate.Version : HHH000412: Hibernate ORM core version 6.1.7.Final
2023-06-23 20:24:32,392 INFO [Test worker] com.zaxxer.hikari.HikariDataSource : HikariPool-1 - Starting...
2023-06-23 20:24:32,633 INFO [Test worker] com.zaxxer.hikari.pool.HikariPool : HikariPool-1 - Added connection com.mysql.cj.jdbc.ConnectionImpl@4ede035e
2023-06-23 20:24:32,635 INFO [Test worker] com.zaxxer.hikari.HikariDataSource : HikariPool-1 - Start completed.
2023-06-23 20:24:32,675 INFO [Test worker] SQL dialect : HHH000400: Using dialect: org.hibernate.dialect.MySQLDialect
2023-06-23 20:24:33,480 INFO [Test worker] org.hibernate.engine.transaction.jta.platform.internal.JtaPlatformInitiator : HHH000490: Using JtaPlatform implementation: [org.hibernate.engine.transaction.jta.platform.internal.NoJtaPlatform]
2023-06-23 20:24:33,487 INFO [Test worker] org.springframework.orm.jpa.LocalContainerEntityManagerFactoryBean : Initialized JPA EntityManagerFactory for persistence unit 'default'
2023-06-23 20:24:34,343 WARN [Test worker] org.springframework.boot.autoconfigure.orm.jpa.JpaBaseConfiguration$JpaWebConfiguration : spring.jpa.open-in-view is enabled by default. Therefore, database queries may be performed during view rendering. Explicitly configure spring.jpa.open-in-view to disable this warning
2023-06-23 20:24:34,691 INFO [Test worker] org.springframework.security.web.DefaultSecurityFilterChain : Will secure any request with [org.springframework.security.web.session.DisableEncodeUrlFilter@15d2c2ca, org.springframework.security.web.context.request.async.WebAsyncManagerIntegrationFilter@346d8002, org.springframework.security.web.context.SecurityContextHolderFilter@76fa3dd8, org.springframework.security.web.header.HeaderWriterFilter@4b2ca159, org.springframework.web.filter.CorsFilter@1368ed98, org.springframework.security.web.authentication.logout.LogoutFilter@40af3dd8, org.springframework.security.oauth2.server.resource.web.authentication.BearerTokenAuthenticationFilter@466c39de, org.springframework.security.web.savedrequest.RequestCacheAwareFilter@78ae34f7, org.springframework.security.web.servletapi.SecurityContextHolderAwareRequestFilter@3eb4fdd5, org.springframework.security.web.authentication.AnonymousAuthenticationFilter@1400984b, org.springframework.security.web.access.ExceptionTranslationFilter@70b037ac, org.springframework.security.web.access.intercept.AuthorizationFilter@ae4a043]
2023-06-23 20:24:35,062 INFO [Test worker] com.example.gradebackend.controller.AuthControllerTest : Started AuthControllerTest in 4.281 seconds (process running for 5.225)
2023-06-23 20:24:35,324 INFO [SpringApplicationShutdownHook] org.springframework.orm.jpa.LocalContainerEntityManagerFactoryBean : Closing JPA EntityManagerFactory for persistence unit 'default'
2023-06-23 20:24:35,326 INFO [SpringApplicationShutdownHook] com.zaxxer.hikari.HikariDataSource : HikariPool-1 - Shutdown initiated...
2023-06-23 20:24:35,332 INFO [SpringApplicationShutdownHook] com.zaxxer.hikari.HikariDataSource : HikariPool-1 - Shutdown completed.
2023-06-23 20:28:22,955 INFO [Test worker] com.example.gradebackend.controller.AuthControllerTest : Starting AuthControllerTest using Java 17.0.2 with PID 12032 (started by nick3 in C:\JOB\Grade-Backend)
2023-06-23 20:28:22,956 INFO [Test worker] com.example.gradebackend.controller.AuthControllerTest : No active profile set, falling back to 1 default profile: "default"
2023-06-23 20:28:23,586 INFO [Test worker] org.springframework.data.repository.config.RepositoryConfigurationDelegate : Bootstrapping Spring Data JPA repositories in DEFAULT mode.
2023-06-23 20:28:23,652 INFO [Test worker] org.springframework.data.repository.config.RepositoryConfigurationDelegate : Finished Spring Data repository scanning in 60 ms. Found 7 JPA repository interfaces.
2023-06-23 20:28:24,532 INFO [Test worker] org.hibernate.jpa.internal.util.LogHelper : HHH000204: Processing PersistenceUnitInfo [name: default]
2023-06-23 20:28:24,586 INFO [Test worker] org.hibernate.Version : HHH000412: Hibernate ORM core version 6.1.7.Final
2023-06-23 20:28:24,781 INFO [Test worker] com.zaxxer.hikari.HikariDataSource : HikariPool-1 - Starting...
2023-06-23 20:28:25,013 INFO [Test worker] com.zaxxer.hikari.pool.HikariPool : HikariPool-1 - Added connection com.mysql.cj.jdbc.ConnectionImpl@565a6af
2023-06-23 20:28:25,015 INFO [Test worker] com.zaxxer.hikari.HikariDataSource : HikariPool-1 - Start completed.
2023-06-23 20:28:25,061 INFO [Test worker] SQL dialect : HHH000400: Using dialect: org.hibernate.dialect.MySQLDialect
2023-06-23 20:28:25,799 INFO [Test worker] org.hibernate.engine.transaction.jta.platform.internal.JtaPlatformInitiator : HHH000490: Using JtaPlatform implementation: [org.hibernate.engine.transaction.jta.platform.internal.NoJtaPlatform]
2023-06-23 20:28:25,807 INFO [Test worker] org.springframework.orm.jpa.LocalContainerEntityManagerFactoryBean : Initialized JPA EntityManagerFactory for persistence unit 'default'
2023-06-23 20:28:26,367 WARN [Test worker] org.springframework.boot.autoconfigure.orm.jpa.JpaBaseConfiguration$JpaWebConfiguration : spring.jpa.open-in-view is enabled by default. Therefore, database queries may be performed during view rendering. Explicitly configure spring.jpa.open-in-view to disable this warning
2023-06-23 20:28:26,705 INFO [Test worker] org.springframework.security.web.DefaultSecurityFilterChain : Will secure any request with [org.springframework.security.web.session.DisableEncodeUrlFilter@16ecdb6d, org.springframework.security.web.context.request.async.WebAsyncManagerIntegrationFilter@72a45b71, org.springframework.security.web.context.SecurityContextHolderFilter@5f72aaed, org.springframework.security.web.header.HeaderWriterFilter@6f55aef7, org.springframework.web.filter.CorsFilter@3eed0375, org.springframework.security.web.authentication.logout.LogoutFilter@38a6ca39, org.springframework.security.oauth2.server.resource.web.authentication.BearerTokenAuthenticationFilter@22dddb13, org.springframework.security.web.savedrequest.RequestCacheAwareFilter@4b708c16, org.springframework.security.web.servletapi.SecurityContextHolderAwareRequestFilter@2700f556, org.springframework.security.web.authentication.AnonymousAuthenticationFilter@3793896e, org.springframework.security.web.access.ExceptionTranslationFilter@19cad9f0, org.springframework.security.web.access.intercept.AuthorizationFilter@44252e9b]
2023-06-23 20:28:27,038 INFO [Test worker] com.example.gradebackend.controller.AuthControllerTest : Started AuthControllerTest in 4.268 seconds (process running for 5.198)
2023-06-23 20:28:27,137 INFO [SpringApplicationShutdownHook] org.springframework.orm.jpa.LocalContainerEntityManagerFactoryBean : Closing JPA EntityManagerFactory for persistence unit 'default'
2023-06-23 20:28:27,140 INFO [SpringApplicationShutdownHook] com.zaxxer.hikari.HikariDataSource : HikariPool-1 - Shutdown initiated...
2023-06-23 20:28:27,148 INFO [SpringApplicationShutdownHook] com.zaxxer.hikari.HikariDataSource : HikariPool-1 - Shutdown completed.
