2023-05-10 15:40:52,157 INFO [main] com.example.gradebackend.GradeBackendApplication : Starting GradeBackendApplication using Java 17.0.2 with PID 34172 (C:\JOB\Grade-Backend\build\classes\java\main started by nick3 in C:\JOB\Grade-Backend)
2023-05-10 15:40:52,161 INFO [main] com.example.gradebackend.GradeBackendApplication : No active profile set, falling back to 1 default profile: "default"
2023-05-10 15:40:53,097 INFO [main] org.springframework.data.repository.config.RepositoryConfigurationDelegate : Bootstrapping Spring Data JPA repositories in DEFAULT mode.
2023-05-10 15:40:53,221 INFO [main] org.springframework.data.repository.config.RepositoryConfigurationDelegate : Finished Spring Data repository scanning in 114 ms. Found 1 JPA repository interfaces.
2023-05-10 15:40:53,894 INFO [main] org.springframework.boot.web.embedded.tomcat.TomcatWebServer : Tomcat initialized with port(s): 8081 (http)
2023-05-10 15:40:53,904 INFO [main] org.apache.catalina.core.StandardService : Starting service [Tomcat]
2023-05-10 15:40:53,905 INFO [main] org.apache.catalina.core.StandardEngine : Starting Servlet engine: [Apache Tomcat/10.1.8]
2023-05-10 15:40:54,015 INFO [main] org.apache.catalina.core.ContainerBase.[Tomcat].[localhost].[/] : Initializing Spring embedded WebApplicationContext
2023-05-10 15:40:54,016 INFO [main] org.springframework.boot.web.servlet.context.ServletWebServerApplicationContext : Root WebApplicationContext: initialization completed in 1793 ms
2023-05-10 15:40:54,163 INFO [main] org.hibernate.jpa.internal.util.LogHelper : HHH000204: Processing PersistenceUnitInfo [name: default]
2023-05-10 15:40:54,201 INFO [main] org.hibernate.Version : HHH000412: Hibernate ORM core version 6.1.7.Final
2023-05-10 15:40:54,400 INFO [main] com.zaxxer.hikari.HikariDataSource : HikariPool-1 - Starting...
2023-05-10 15:40:54,402 WARN [main] com.zaxxer.hikari.util.DriverDataSource : Registered driver with driverClassName=com.mysql.jdbc.Driver was not found, trying direct instantiation.
2023-05-10 15:40:54,672 INFO [main] com.zaxxer.hikari.pool.HikariPool : HikariPool-1 - Added connection com.mysql.cj.jdbc.ConnectionImpl@4e7bc939
2023-05-10 15:40:54,675 INFO [main] com.zaxxer.hikari.HikariDataSource : HikariPool-1 - Start completed.
2023-05-10 15:40:54,714 INFO [main] SQL dialect : HHH000400: Using dialect: org.hibernate.dialect.MySQLDialect
2023-05-10 15:40:55,210 INFO [main] org.hibernate.engine.transaction.jta.platform.internal.JtaPlatformInitiator : HHH000490: Using JtaPlatform implementation: [org.hibernate.engine.transaction.jta.platform.internal.NoJtaPlatform]
2023-05-10 15:40:55,215 INFO [main] org.springframework.orm.jpa.LocalContainerEntityManagerFactoryBean : Initialized JPA EntityManagerFactory for persistence unit 'default'
2023-05-10 15:40:55,291 WARN [main] org.springframework.boot.autoconfigure.orm.jpa.JpaBaseConfiguration$JpaWebConfiguration : spring.jpa.open-in-view is enabled by default. Therefore, database queries may be performed during view rendering. Explicitly configure spring.jpa.open-in-view to disable this warning
2023-05-10 15:40:55,662 WARN [main] org.springframework.boot.autoconfigure.security.servlet.UserDetailsServiceAutoConfiguration : 

Using generated security password: fb46e3ee-7803-4cb5-a31e-40ba3a0c254c

This generated password is for development use only. Your security configuration must be updated before running your application in production.

2023-05-10 15:40:55,722 INFO [main] org.springframework.security.web.DefaultSecurityFilterChain : Will secure any request with [org.springframework.security.web.session.DisableEncodeUrlFilter@44f338ec, org.springframework.security.web.context.request.async.WebAsyncManagerIntegrationFilter@64acf8d2, org.springframework.security.web.context.SecurityContextHolderFilter@1d126f07, org.springframework.security.web.header.HeaderWriterFilter@57777c23, org.springframework.security.web.csrf.CsrfFilter@34f32575, org.springframework.security.web.authentication.logout.LogoutFilter@34be7efb, org.springframework.security.web.authentication.UsernamePasswordAuthenticationFilter@5a941fb4, org.springframework.security.web.authentication.ui.DefaultLoginPageGeneratingFilter@7402bfe7, org.springframework.security.web.authentication.ui.DefaultLogoutPageGeneratingFilter@112a50a1, org.springframework.security.web.authentication.www.BasicAuthenticationFilter@5923210, org.springframework.security.web.savedrequest.RequestCacheAwareFilter@f2b4303, org.springframework.security.web.servletapi.SecurityContextHolderAwareRequestFilter@4df5f119, org.springframework.security.web.authentication.AnonymousAuthenticationFilter@6258f9d1, org.springframework.security.web.access.ExceptionTranslationFilter@6d94a966, org.springframework.security.web.access.intercept.AuthorizationFilter@893081e]
2023-05-10 15:40:55,759 INFO [main] org.springframework.boot.web.embedded.tomcat.TomcatWebServer : Tomcat started on port(s): 8081 (http) with context path ''
2023-05-10 15:40:55,766 INFO [main] com.example.gradebackend.GradeBackendApplication : Started GradeBackendApplication in 4.143 seconds (process running for 4.961)
2023-05-10 15:40:55,792 INFO [http-nio-8081-exec-1] org.apache.catalina.core.ContainerBase.[Tomcat].[localhost].[/] : Initializing Spring DispatcherServlet 'dispatcherServlet'
2023-05-10 15:40:55,793 INFO [http-nio-8081-exec-1] org.springframework.web.servlet.DispatcherServlet : Initializing Servlet 'dispatcherServlet'
2023-05-10 15:40:55,794 INFO [http-nio-8081-exec-1] org.springframework.web.servlet.DispatcherServlet : Completed initialization in 1 ms
2023-05-10 15:41:20,502 INFO [SpringApplicationShutdownHook] org.springframework.orm.jpa.LocalContainerEntityManagerFactoryBean : Closing JPA EntityManagerFactory for persistence unit 'default'
2023-05-10 15:41:20,504 INFO [SpringApplicationShutdownHook] com.zaxxer.hikari.HikariDataSource : HikariPool-1 - Shutdown initiated...
2023-05-10 15:41:20,512 INFO [SpringApplicationShutdownHook] com.zaxxer.hikari.HikariDataSource : HikariPool-1 - Shutdown completed.
2023-05-10 15:41:24,522 INFO [main] com.example.gradebackend.GradeBackendApplication : Starting GradeBackendApplication using Java 17.0.2 with PID 30872 (C:\JOB\Grade-Backend\build\classes\java\main started by nick3 in C:\JOB\Grade-Backend)
2023-05-10 15:41:24,523 INFO [main] com.example.gradebackend.GradeBackendApplication : No active profile set, falling back to 1 default profile: "default"
2023-05-10 15:41:25,059 INFO [main] org.springframework.data.repository.config.RepositoryConfigurationDelegate : Bootstrapping Spring Data JPA repositories in DEFAULT mode.
2023-05-10 15:41:25,096 INFO [main] org.springframework.data.repository.config.RepositoryConfigurationDelegate : Finished Spring Data repository scanning in 31 ms. Found 1 JPA repository interfaces.
2023-05-10 15:41:25,440 INFO [main] org.springframework.boot.web.embedded.tomcat.TomcatWebServer : Tomcat initialized with port(s): 8081 (http)
2023-05-10 15:41:25,445 INFO [main] org.apache.catalina.core.StandardService : Starting service [Tomcat]
2023-05-10 15:41:25,446 INFO [main] org.apache.catalina.core.StandardEngine : Starting Servlet engine: [Apache Tomcat/10.1.8]
2023-05-10 15:41:25,506 INFO [main] org.apache.catalina.core.ContainerBase.[Tomcat].[localhost].[/] : Initializing Spring embedded WebApplicationContext
2023-05-10 15:41:25,506 INFO [main] org.springframework.boot.web.servlet.context.ServletWebServerApplicationContext : Root WebApplicationContext: initialization completed in 953 ms
2023-05-10 15:41:25,589 INFO [main] org.hibernate.jpa.internal.util.LogHelper : HHH000204: Processing PersistenceUnitInfo [name: default]
2023-05-10 15:41:25,621 INFO [main] org.hibernate.Version : HHH000412: Hibernate ORM core version 6.1.7.Final
2023-05-10 15:41:25,756 INFO [main] com.zaxxer.hikari.HikariDataSource : HikariPool-1 - Starting...
2023-05-10 15:41:25,757 WARN [main] com.zaxxer.hikari.util.DriverDataSource : Registered driver with driverClassName=com.mysql.jdbc.Driver was not found, trying direct instantiation.
2023-05-10 15:41:25,935 INFO [main] com.zaxxer.hikari.pool.HikariPool : HikariPool-1 - Added connection com.mysql.cj.jdbc.ConnectionImpl@14b5752f
2023-05-10 15:41:25,936 INFO [main] com.zaxxer.hikari.HikariDataSource : HikariPool-1 - Start completed.
2023-05-10 15:41:25,967 INFO [main] SQL dialect : HHH000400: Using dialect: org.hibernate.dialect.MySQLDialect
2023-05-10 15:41:26,438 INFO [main] org.hibernate.engine.transaction.jta.platform.internal.JtaPlatformInitiator : HHH000490: Using JtaPlatform implementation: [org.hibernate.engine.transaction.jta.platform.internal.NoJtaPlatform]
2023-05-10 15:41:26,443 INFO [main] org.springframework.orm.jpa.LocalContainerEntityManagerFactoryBean : Initialized JPA EntityManagerFactory for persistence unit 'default'
2023-05-10 15:41:26,515 WARN [main] org.springframework.boot.autoconfigure.orm.jpa.JpaBaseConfiguration$JpaWebConfiguration : spring.jpa.open-in-view is enabled by default. Therefore, database queries may be performed during view rendering. Explicitly configure spring.jpa.open-in-view to disable this warning
2023-05-10 15:41:26,895 WARN [main] org.springframework.boot.autoconfigure.security.servlet.UserDetailsServiceAutoConfiguration : 

Using generated security password: f0a6ebd6-2af7-47bd-acf5-2e152c08c40f

This generated password is for development use only. Your security configuration must be updated before running your application in production.

2023-05-10 15:41:26,955 INFO [main] org.springframework.security.web.DefaultSecurityFilterChain : Will secure any request with [org.springframework.security.web.session.DisableEncodeUrlFilter@4516c2ef, org.springframework.security.web.context.request.async.WebAsyncManagerIntegrationFilter@44f338ec, org.springframework.security.web.context.SecurityContextHolderFilter@3a5ffea, org.springframework.security.web.header.HeaderWriterFilter@1f602930, org.springframework.security.web.csrf.CsrfFilter@44d6f9cf, org.springframework.security.web.authentication.logout.LogoutFilter@3889c343, org.springframework.security.web.authentication.UsernamePasswordAuthenticationFilter@893081e, org.springframework.security.web.authentication.ui.DefaultLoginPageGeneratingFilter@519e67e, org.springframework.security.web.authentication.ui.DefaultLogoutPageGeneratingFilter@64acf8d2, org.springframework.security.web.authentication.www.BasicAuthenticationFilter@73c6ae15, org.springframework.security.web.savedrequest.RequestCacheAwareFilter@71689ee2, org.springframework.security.web.servletapi.SecurityContextHolderAwareRequestFilter@18139a43, org.springframework.security.web.authentication.AnonymousAuthenticationFilter@112a50a1, org.springframework.security.web.access.ExceptionTranslationFilter@7505dcab, org.springframework.security.web.access.intercept.AuthorizationFilter@6a358906]
2023-05-10 15:41:26,994 INFO [main] org.springframework.boot.web.embedded.tomcat.TomcatWebServer : Tomcat started on port(s): 8081 (http) with context path ''
2023-05-10 15:41:27,001 INFO [main] com.example.gradebackend.GradeBackendApplication : Started GradeBackendApplication in 2.787 seconds (process running for 3.223)
2023-05-10 15:41:28,457 INFO [http-nio-8081-exec-1] org.apache.catalina.core.ContainerBase.[Tomcat].[localhost].[/] : Initializing Spring DispatcherServlet 'dispatcherServlet'
2023-05-10 15:41:28,457 INFO [http-nio-8081-exec-1] org.springframework.web.servlet.DispatcherServlet : Initializing Servlet 'dispatcherServlet'
2023-05-10 15:41:28,458 INFO [http-nio-8081-exec-1] org.springframework.web.servlet.DispatcherServlet : Completed initialization in 1 ms
2023-05-10 15:41:38,339 INFO [SpringApplicationShutdownHook] org.springframework.orm.jpa.LocalContainerEntityManagerFactoryBean : Closing JPA EntityManagerFactory for persistence unit 'default'
2023-05-10 15:41:38,341 INFO [SpringApplicationShutdownHook] com.zaxxer.hikari.HikariDataSource : HikariPool-1 - Shutdown initiated...
2023-05-10 15:41:38,349 INFO [SpringApplicationShutdownHook] com.zaxxer.hikari.HikariDataSource : HikariPool-1 - Shutdown completed.
2023-05-10 15:41:44,679 INFO [main] com.example.gradebackend.GradeBackendApplication : Starting GradeBackendApplication using Java 17.0.2 with PID 31152 (C:\JOB\Grade-Backend\build\classes\java\main started by nick3 in C:\JOB\Grade-Backend)
2023-05-10 15:41:44,680 INFO [main] com.example.gradebackend.GradeBackendApplication : No active profile set, falling back to 1 default profile: "default"
2023-05-10 15:41:45,158 INFO [main] org.springframework.data.repository.config.RepositoryConfigurationDelegate : Bootstrapping Spring Data JPA repositories in DEFAULT mode.
2023-05-10 15:41:45,204 INFO [main] org.springframework.data.repository.config.RepositoryConfigurationDelegate : Finished Spring Data repository scanning in 36 ms. Found 1 JPA repository interfaces.
2023-05-10 15:41:45,501 INFO [main] org.springframework.boot.web.embedded.tomcat.TomcatWebServer : Tomcat initialized with port(s): 8081 (http)
2023-05-10 15:41:45,507 INFO [main] org.apache.catalina.core.StandardService : Starting service [Tomcat]
2023-05-10 15:41:45,507 INFO [main] org.apache.catalina.core.StandardEngine : Starting Servlet engine: [Apache Tomcat/10.1.8]
2023-05-10 15:41:45,568 INFO [main] org.apache.catalina.core.ContainerBase.[Tomcat].[localhost].[/] : Initializing Spring embedded WebApplicationContext
2023-05-10 15:41:45,569 INFO [main] org.springframework.boot.web.servlet.context.ServletWebServerApplicationContext : Root WebApplicationContext: initialization completed in 859 ms
2023-05-10 15:41:45,652 INFO [main] org.hibernate.jpa.internal.util.LogHelper : HHH000204: Processing PersistenceUnitInfo [name: default]
2023-05-10 15:41:45,683 INFO [main] org.hibernate.Version : HHH000412: Hibernate ORM core version 6.1.7.Final
2023-05-10 15:41:45,824 INFO [main] com.zaxxer.hikari.HikariDataSource : HikariPool-1 - Starting...
2023-05-10 15:41:45,825 WARN [main] com.zaxxer.hikari.util.DriverDataSource : Registered driver with driverClassName=com.mysql.jdbc.Driver was not found, trying direct instantiation.
2023-05-10 15:41:46,000 INFO [main] com.zaxxer.hikari.pool.HikariPool : HikariPool-1 - Added connection com.mysql.cj.jdbc.ConnectionImpl@42107318
2023-05-10 15:41:46,001 INFO [main] com.zaxxer.hikari.HikariDataSource : HikariPool-1 - Start completed.
2023-05-10 15:41:46,028 INFO [main] SQL dialect : HHH000400: Using dialect: org.hibernate.dialect.MySQLDialect
2023-05-10 15:41:46,458 INFO [main] org.hibernate.engine.transaction.jta.platform.internal.JtaPlatformInitiator : HHH000490: Using JtaPlatform implementation: [org.hibernate.engine.transaction.jta.platform.internal.NoJtaPlatform]
2023-05-10 15:41:46,464 INFO [main] org.springframework.orm.jpa.LocalContainerEntityManagerFactoryBean : Initialized JPA EntityManagerFactory for persistence unit 'default'
2023-05-10 15:41:46,533 WARN [main] org.springframework.boot.autoconfigure.orm.jpa.JpaBaseConfiguration$JpaWebConfiguration : spring.jpa.open-in-view is enabled by default. Therefore, database queries may be performed during view rendering. Explicitly configure spring.jpa.open-in-view to disable this warning
2023-05-10 15:41:46,886 INFO [main] org.springframework.boot.web.embedded.tomcat.TomcatWebServer : Tomcat started on port(s): 8081 (http) with context path ''
2023-05-10 15:41:46,892 INFO [main] com.example.gradebackend.GradeBackendApplication : Started GradeBackendApplication in 2.474 seconds (process running for 2.879)
2023-05-10 15:41:46,980 INFO [http-nio-8081-exec-1] org.apache.catalina.core.ContainerBase.[Tomcat].[localhost].[/] : Initializing Spring DispatcherServlet 'dispatcherServlet'
2023-05-10 15:41:46,980 INFO [http-nio-8081-exec-1] org.springframework.web.servlet.DispatcherServlet : Initializing Servlet 'dispatcherServlet'
2023-05-10 15:41:46,981 INFO [http-nio-8081-exec-1] org.springframework.web.servlet.DispatcherServlet : Completed initialization in 1 ms
2023-05-10 15:42:00,732 INFO [SpringApplicationShutdownHook] org.springframework.orm.jpa.LocalContainerEntityManagerFactoryBean : Closing JPA EntityManagerFactory for persistence unit 'default'
2023-05-10 15:42:00,734 INFO [SpringApplicationShutdownHook] com.zaxxer.hikari.HikariDataSource : HikariPool-1 - Shutdown initiated...
2023-05-10 15:42:00,741 INFO [SpringApplicationShutdownHook] com.zaxxer.hikari.HikariDataSource : HikariPool-1 - Shutdown completed.
2023-05-10 15:42:04,326 INFO [main] com.example.gradebackend.GradeBackendApplication : Starting GradeBackendApplication using Java 17.0.2 with PID 3616 (C:\JOB\Grade-Backend\build\classes\java\main started by nick3 in C:\JOB\Grade-Backend)
2023-05-10 15:42:04,330 INFO [main] com.example.gradebackend.GradeBackendApplication : No active profile set, falling back to 1 default profile: "default"
2023-05-10 15:42:04,754 INFO [main] org.springframework.data.repository.config.RepositoryConfigurationDelegate : Bootstrapping Spring Data JPA repositories in DEFAULT mode.
2023-05-10 15:42:04,793 INFO [main] org.springframework.data.repository.config.RepositoryConfigurationDelegate : Finished Spring Data repository scanning in 29 ms. Found 1 JPA repository interfaces.
2023-05-10 15:42:05,081 INFO [main] org.springframework.boot.web.embedded.tomcat.TomcatWebServer : Tomcat initialized with port(s): 8081 (http)
2023-05-10 15:42:05,087 INFO [main] org.apache.catalina.core.StandardService : Starting service [Tomcat]
2023-05-10 15:42:05,087 INFO [main] org.apache.catalina.core.StandardEngine : Starting Servlet engine: [Apache Tomcat/10.1.8]
2023-05-10 15:42:05,153 INFO [main] org.apache.catalina.core.ContainerBase.[Tomcat].[localhost].[/] : Initializing Spring embedded WebApplicationContext
2023-05-10 15:42:05,153 INFO [main] org.springframework.boot.web.servlet.context.ServletWebServerApplicationContext : Root WebApplicationContext: initialization completed in 795 ms
2023-05-10 15:42:05,237 INFO [main] org.hibernate.jpa.internal.util.LogHelper : HHH000204: Processing PersistenceUnitInfo [name: default]
2023-05-10 15:42:05,264 INFO [main] org.hibernate.Version : HHH000412: Hibernate ORM core version 6.1.7.Final
2023-05-10 15:42:05,400 INFO [main] com.zaxxer.hikari.HikariDataSource : HikariPool-1 - Starting...
2023-05-10 15:42:05,402 WARN [main] com.zaxxer.hikari.util.DriverDataSource : Registered driver with driverClassName=com.mysql.jdbc.Driver was not found, trying direct instantiation.
2023-05-10 15:42:05,583 INFO [main] com.zaxxer.hikari.pool.HikariPool : HikariPool-1 - Added connection com.mysql.cj.jdbc.ConnectionImpl@5bb2fb2b
2023-05-10 15:42:05,584 INFO [main] com.zaxxer.hikari.HikariDataSource : HikariPool-1 - Start completed.
2023-05-10 15:42:05,613 INFO [main] SQL dialect : HHH000400: Using dialect: org.hibernate.dialect.MySQLDialect
2023-05-10 15:42:06,080 INFO [main] org.hibernate.engine.transaction.jta.platform.internal.JtaPlatformInitiator : HHH000490: Using JtaPlatform implementation: [org.hibernate.engine.transaction.jta.platform.internal.NoJtaPlatform]
2023-05-10 15:42:06,086 INFO [main] org.springframework.orm.jpa.LocalContainerEntityManagerFactoryBean : Initialized JPA EntityManagerFactory for persistence unit 'default'
2023-05-10 15:42:06,160 WARN [main] org.springframework.boot.autoconfigure.orm.jpa.JpaBaseConfiguration$JpaWebConfiguration : spring.jpa.open-in-view is enabled by default. Therefore, database queries may be performed during view rendering. Explicitly configure spring.jpa.open-in-view to disable this warning
2023-05-10 15:42:06,511 INFO [main] org.springframework.boot.web.embedded.tomcat.TomcatWebServer : Tomcat started on port(s): 8081 (http) with context path ''
2023-05-10 15:42:06,517 INFO [main] com.example.gradebackend.GradeBackendApplication : Started GradeBackendApplication in 2.502 seconds (process running for 3.076)
2023-05-10 15:45:23,399 INFO [http-nio-8081-exec-1] org.apache.catalina.core.ContainerBase.[Tomcat].[localhost].[/] : Initializing Spring DispatcherServlet 'dispatcherServlet'
2023-05-10 15:45:23,399 INFO [http-nio-8081-exec-1] org.springframework.web.servlet.DispatcherServlet : Initializing Servlet 'dispatcherServlet'
2023-05-10 15:45:23,400 INFO [http-nio-8081-exec-1] org.springframework.web.servlet.DispatcherServlet : Completed initialization in 1 ms
2023-05-10 16:14:22,759 WARN [http-nio-8081-exec-5] org.springframework.web.servlet.mvc.support.DefaultHandlerExceptionResolver : Resolved [org.springframework.web.HttpMediaTypeNotSupportedException: Content-Type is not supported]
2023-05-10 16:14:45,657 INFO [SpringApplicationShutdownHook] org.springframework.orm.jpa.LocalContainerEntityManagerFactoryBean : Closing JPA EntityManagerFactory for persistence unit 'default'
2023-05-10 16:14:45,659 INFO [SpringApplicationShutdownHook] com.zaxxer.hikari.HikariDataSource : HikariPool-1 - Shutdown initiated...
2023-05-10 16:14:45,663 INFO [SpringApplicationShutdownHook] com.zaxxer.hikari.HikariDataSource : HikariPool-1 - Shutdown completed.
2023-05-10 16:14:49,828 INFO [main] com.example.gradebackend.GradeBackendApplication : Starting GradeBackendApplication using Java 17.0.2 with PID 7808 (C:\JOB\Grade-Backend\build\classes\java\main started by nick3 in C:\JOB\Grade-Backend)
2023-05-10 16:14:49,829 INFO [main] com.example.gradebackend.GradeBackendApplication : No active profile set, falling back to 1 default profile: "default"
2023-05-10 16:14:50,305 INFO [main] org.springframework.data.repository.config.RepositoryConfigurationDelegate : Bootstrapping Spring Data JPA repositories in DEFAULT mode.
2023-05-10 16:14:50,352 INFO [main] org.springframework.data.repository.config.RepositoryConfigurationDelegate : Finished Spring Data repository scanning in 37 ms. Found 1 JPA repository interfaces.
2023-05-10 16:14:50,635 INFO [main] org.springframework.boot.web.embedded.tomcat.TomcatWebServer : Tomcat initialized with port(s): 8081 (http)
2023-05-10 16:14:50,641 INFO [main] org.apache.catalina.core.StandardService : Starting service [Tomcat]
2023-05-10 16:14:50,641 INFO [main] org.apache.catalina.core.StandardEngine : Starting Servlet engine: [Apache Tomcat/10.1.8]
2023-05-10 16:14:50,710 INFO [main] org.apache.catalina.core.ContainerBase.[Tomcat].[localhost].[/] : Initializing Spring embedded WebApplicationContext
2023-05-10 16:14:50,711 INFO [main] org.springframework.boot.web.servlet.context.ServletWebServerApplicationContext : Root WebApplicationContext: initialization completed in 849 ms
2023-05-10 16:14:50,789 INFO [main] org.hibernate.jpa.internal.util.LogHelper : HHH000204: Processing PersistenceUnitInfo [name: default]
2023-05-10 16:14:50,815 INFO [main] org.hibernate.Version : HHH000412: Hibernate ORM core version 6.1.7.Final
2023-05-10 16:14:50,960 INFO [main] com.zaxxer.hikari.HikariDataSource : HikariPool-1 - Starting...
2023-05-10 16:14:50,962 WARN [main] com.zaxxer.hikari.util.DriverDataSource : Registered driver with driverClassName=com.mysql.jdbc.Driver was not found, trying direct instantiation.
2023-05-10 16:14:51,136 INFO [main] com.zaxxer.hikari.pool.HikariPool : HikariPool-1 - Added connection com.mysql.cj.jdbc.ConnectionImpl@5a85b4e6
2023-05-10 16:14:51,137 INFO [main] com.zaxxer.hikari.HikariDataSource : HikariPool-1 - Start completed.
2023-05-10 16:14:51,165 INFO [main] SQL dialect : HHH000400: Using dialect: org.hibernate.dialect.MySQLDialect
2023-05-10 16:14:51,625 INFO [main] org.hibernate.engine.transaction.jta.platform.internal.JtaPlatformInitiator : HHH000490: Using JtaPlatform implementation: [org.hibernate.engine.transaction.jta.platform.internal.NoJtaPlatform]
2023-05-10 16:14:51,632 INFO [main] org.springframework.orm.jpa.LocalContainerEntityManagerFactoryBean : Initialized JPA EntityManagerFactory for persistence unit 'default'
2023-05-10 16:14:51,701 WARN [main] org.springframework.boot.autoconfigure.orm.jpa.JpaBaseConfiguration$JpaWebConfiguration : spring.jpa.open-in-view is enabled by default. Therefore, database queries may be performed during view rendering. Explicitly configure spring.jpa.open-in-view to disable this warning
2023-05-10 16:14:52,102 INFO [main] org.springframework.boot.web.embedded.tomcat.TomcatWebServer : Tomcat started on port(s): 8081 (http) with context path ''
2023-05-10 16:14:52,109 INFO [main] com.example.gradebackend.GradeBackendApplication : Started GradeBackendApplication in 2.545 seconds (process running for 2.991)
2023-05-10 16:14:52,161 INFO [http-nio-8081-exec-1] org.apache.catalina.core.ContainerBase.[Tomcat].[localhost].[/] : Initializing Spring DispatcherServlet 'dispatcherServlet'
2023-05-10 16:14:52,162 INFO [http-nio-8081-exec-1] org.springframework.web.servlet.DispatcherServlet : Initializing Servlet 'dispatcherServlet'
2023-05-10 16:14:52,162 INFO [http-nio-8081-exec-1] org.springframework.web.servlet.DispatcherServlet : Completed initialization in 0 ms
2023-05-10 16:14:52,180 INFO [http-nio-8081-exec-1] com.example.gradebackend.controller.EmployeeController : Тест лога
2023-05-10 16:15:52,409 INFO [SpringApplicationShutdownHook] org.springframework.orm.jpa.LocalContainerEntityManagerFactoryBean : Closing JPA EntityManagerFactory for persistence unit 'default'
2023-05-10 16:15:52,411 INFO [SpringApplicationShutdownHook] com.zaxxer.hikari.HikariDataSource : HikariPool-1 - Shutdown initiated...
2023-05-10 16:15:52,416 INFO [SpringApplicationShutdownHook] com.zaxxer.hikari.HikariDataSource : HikariPool-1 - Shutdown completed.
